<?xml version="1.0" encoding="UTF-8"?>
<!-- Generated by org.testng.reporters.JUnitReportReporter -->
<testsuite skipped="0" hostname="EPUAKHAW00CF" name="tests.WalmartTest" tests="2" failures="0" timestamp="2020-04-01T03:40:43 EEST" time="47.432" errors="0">
  <testcase name="checkSearchingProduct" time="26.088" classname="tests.WalmartTest"/>
  <testcase name="checkAuthorizationWithWrongEmail" time="21.344" classname="tests.WalmartTest"/>
</testsuite> <!-- tests.WalmartTest -->
